Started GET "/" for ::1 at 2023-06-21 13:36:31 +0000
  
ActiveRecord::NoDatabaseError (We could not find your database: task_app_development. Which can be found in the database configuration file located at config/database.yml.

To resolve this issue:

- Did you create the database for this app, or delete it? You may need to create your database.
- Has the database name changed? Check your database.yml config has the correct database name.

To create your database, run:

        bin/rails db:create
):
  
activerecord (7.0.5) lib/active_record/connection_adapters/postgresql_adapter.rb:81:in `rescue in new_client'
activerecord (7.0.5) lib/active_record/connection_adapters/postgresql_adapter.rb:77:in `new_client'
activerecord (7.0.5) lib/active_record/connection_adapters/postgresql_adapter.rb:37:in `postgresql_connection'
activerecord (7.0.5) lib/active_record/connection_adapters/abstract/connection_pool.rb:656:in `public_send'
activerecord (7.0.5) lib/active_record/connection_adapters/abstract/connection_pool.rb:656:in `new_connection'
activerecord (7.0.5) lib/active_record/connection_adapters/abstract/connection_pool.rb:700:in `checkout_new_connection'
activerecord (7.0.5) lib/active_record/connection_adapters/abstract/connection_pool.rb:679:in `try_to_checkout_new_connection'
activerecord (7.0.5) lib/active_record/connection_adapters/abstract/connection_pool.rb:640:in `acquire_connection'
activerecord (7.0.5) lib/active_record/connection_adapters/abstract/connection_pool.rb:341:in `checkout'
activerecord (7.0.5) lib/active_record/connection_adapters/abstract/connection_pool.rb:181:in `connection'
activerecord (7.0.5) lib/active_record/connection_adapters/abstract/connection_handler.rb:211:in `retrieve_connection'
activerecord (7.0.5) lib/active_record/connection_handling.rb:313:in `retrieve_connection'
activerecord (7.0.5) lib/active_record/connection_handling.rb:280:in `connection'
activerecord (7.0.5) lib/active_record/migration.rb:613:in `connection'
activerecord (7.0.5) lib/active_record/migration.rb:608:in `build_watcher'
activerecord (7.0.5) lib/active_record/migration.rb:590:in `block in call'
activerecord (7.0.5) lib/active_record/migration.rb:589:in `synchronize'
activerecord (7.0.5) lib/active_record/migration.rb:589:in `call'
actionpack (7.0.5) lib/action_dispatch/middleware/callbacks.rb:27:in `block in call'
activesupport (7.0.5) lib/active_support/callbacks.rb:99:in `run_callbacks'
actionpack (7.0.5) lib/action_dispatch/middleware/callbacks.rb:26:in `call'
actionpack (7.0.5) lib/action_dispatch/middleware/executor.rb:14:in `call'
actionpack (7.0.5) lib/action_dispatch/middleware/actionable_exceptions.rb:17:in `call'
actionpack (7.0.5) lib/action_dispatch/middleware/debug_exceptions.rb:28:in `call'
web-console (4.2.0) lib/web_console/middleware.rb:132:in `call_app'
web-console (4.2.0) lib/web_console/middleware.rb:28:in `block in call'
web-console (4.2.0) lib/web_console/middleware.rb:17:in `catch'
web-console (4.2.0) lib/web_console/middleware.rb:17:in `call'
actionpack (7.0.5) lib/action_dispatch/middleware/show_exceptions.rb:26:in `call'
railties (7.0.5) lib/rails/rack/logger.rb:40:in `call_app'
railties (7.0.5) lib/rails/rack/logger.rb:25:in `block in call'
activesupport (7.0.5) lib/active_support/tagged_logging.rb:99:in `block in tagged'
activesupport (7.0.5) lib/active_support/tagged_logging.rb:37:in `tagged'
activesupport (7.0.5) lib/active_support/tagged_logging.rb:99:in `tagged'
railties (7.0.5) lib/rails/rack/logger.rb:25:in `call'
sprockets-rails (3.4.2) lib/sprockets/rails/quiet_assets.rb:13:in `call'
actionpack (7.0.5) lib/action_dispatch/middleware/remote_ip.rb:93:in `call'
actionpack (7.0.5) lib/action_dispatch/middleware/request_id.rb:26:in `call'
rack (2.2.7) lib/rack/method_override.rb:24:in `call'
rack (2.2.7) lib/rack/runtime.rb:22:in `call'
activesupport (7.0.5) lib/active_support/cache/strategy/local_cache_middleware.rb:29:in `call'
actionpack (7.0.5) lib/action_dispatch/middleware/server_timing.rb:61:in `block in call'
actionpack (7.0.5) lib/action_dispatch/middleware/server_timing.rb:26:in `collect_events'
actionpack (7.0.5) lib/action_dispatch/middleware/server_timing.rb:60:in `call'
actionpack (7.0.5) lib/action_dispatch/middleware/executor.rb:14:in `call'
actionpack (7.0.5) lib/action_dispatch/middleware/static.rb:23:in `call'
rack (2.2.7) lib/rack/sendfile.rb:110:in `call'
actionpack (7.0.5) lib/action_dispatch/middleware/host_authorization.rb:137:in `call'
railties (7.0.5) lib/rails/engine.rb:530:in `call'
puma (5.6.6) lib/puma/configuration.rb:252:in `call'
puma (5.6.6) lib/puma/request.rb:77:in `block in handle_request'
puma (5.6.6) lib/puma/thread_pool.rb:340:in `with_force_shutdown'
puma (5.6.6) lib/puma/request.rb:76:in `handle_request'
puma (5.6.6) lib/puma/server.rb:443:in `process_client'
puma (5.6.6) lib/puma/thread_pool.rb:147:in `block in spawn_thread'
  [1m[35m (200.8ms)[0m  [1m[35mCREATE DATABASE "task_app_development" ENCODING = 'unicode'[0m
  [1m[35m (113.9ms)[0m  [1m[35mCREATE DATABASE "task_app_test" ENCODING = 'unicode'[0m
  [1m[35m (42.0ms)[0m  [1m[35mCREATE DATABASE "task_app_development" ENCODING = 'unicode'[0m
  [1m[35m (0.4ms)[0m  [1m[35mCREATE DATABASE "task_app_test" ENCODING = 'unicode'[0m
Started GET "/" for ::1 at 2023-06-21 13:37:07 +0000
Processing by Rails::WelcomeController#index as HTML
  Rendering /Users/macpro/.rvm/gems/ruby-3.1.2/gems/railties-7.0.5/lib/rails/templates/rails/welcome/index.html.erb
  Rendered /Users/macpro/.rvm/gems/ruby-3.1.2/gems/railties-7.0.5/lib/rails/templates/rails/welcome/index.html.erb (Duration: 1.9ms | Allocations: 529)
Completed 200 OK in 50ms (Views: 32.1ms | ActiveRecord: 0.0ms | Allocations: 4928)


  [1m[35m (32.3ms)[0m  [1m[35mCREATE TABLE "schema_migrations" ("version" character varying NOT NULL PRIMARY KEY)[0m
  [1m[35m (44.7ms)[0m  [1m[35mCREATE TABLE "ar_internal_metadata" ("key" character varying NOT NULL PRIMARY KEY, "value" character varying, "created_at" timestamp(6) NOT NULL, "updated_at" timestamp(6) NOT NULL)[0m
  [1m[35m (1.3ms)[0m  [1m[34mSELECT pg_try_advisory_lock(7692156217679140725)[0m
  [1m[36mActiveRecord::SchemaMigration Pluck (0.7ms)[0m  [1m[34mSELECT "schema_migrations"."version" FROM "schema_migrations" ORDER BY "schema_migrations"."version" ASC[0m
Migrating to CreateTasks (20230621194401)
  [1m[36mTRANSACTION (0.2ms)[0m  [1m[35mBEGIN[0m
  [1m[35m (45.8ms)[0m  [1m[35mCREATE TABLE "tasks" ("id" bigserial primary key, "title" character varying, "description" text, "created_at" timestamp(6) NOT NULL, "updated_at" timestamp(6) NOT NULL)[0m
  [1m[36mActiveRecord::SchemaMigration Create (0.5ms)[0m  [1m[32mINSERT INTO "schema_migrations" ("version") VALUES ($1) RETURNING "version"[0m  [["version", "20230621194401"]]
  [1m[36mTRANSACTION (13.8ms)[0m  [1m[35mCOMMIT[0m
  [1m[36mActiveRecord::InternalMetadata Load (0.5ms)[0m  [1m[34mSELECT "ar_internal_metadata".* FROM "ar_internal_metadata" WHERE "ar_internal_metadata"."key" = $1 LIMIT $2[0m  [["key", "environment"], ["LIMIT", 1]]
  [1m[36mTRANSACTION (0.1ms)[0m  [1m[35mBEGIN[0m
  [1m[36mActiveRecord::InternalMetadata Create (0.9ms)[0m  [1m[32mINSERT INTO "ar_internal_metadata" ("key", "value", "created_at", "updated_at") VALUES ($1, $2, $3, $4) RETURNING "key"[0m  [["key", "environment"], ["value", "development"], ["created_at", "2023-06-21 19:44:04.449973"], ["updated_at", "2023-06-21 19:44:04.449973"]]
  [1m[36mTRANSACTION (0.4ms)[0m  [1m[35mCOMMIT[0m
  [1m[35m (0.2ms)[0m  [1m[34mSELECT pg_advisory_unlock(7692156217679140725)[0m
  [1m[36mActiveRecord::SchemaMigration Pluck (1.0ms)[0m  [1m[34mSELECT "schema_migrations"."version" FROM "schema_migrations" ORDER BY "schema_migrations"."version" ASC[0m
Started GET "/" for ::1 at 2023-06-21 20:14:14 +0000
  [1m[36mActiveRecord::SchemaMigration Pluck (0.8ms)[0m  [1m[34mSELECT "schema_migrations"."version" FROM "schema_migrations" ORDER BY "schema_migrations"."version" ASC[0m
Processing by Rails::WelcomeController#index as HTML
  Rendering /Users/macpro/.rvm/gems/ruby-3.1.2/gems/railties-7.0.5/lib/rails/templates/rails/welcome/index.html.erb
  Rendered /Users/macpro/.rvm/gems/ruby-3.1.2/gems/railties-7.0.5/lib/rails/templates/rails/welcome/index.html.erb (Duration: 2.3ms | Allocations: 529)
Completed 200 OK in 79ms (Views: 28.7ms | ActiveRecord: 0.0ms | Allocations: 4505)


Started GET "/task" for ::1 at 2023-06-21 20:14:22 +0000
  
ActionController::RoutingError (uninitialized constant TaskController

      Object.const_get(camel_cased_word)
            ^^^^^^^^^^
Did you mean?  TasksController

            raise MissingController.new(error.message, error.name)
            ^^^^^):
  
Started GET "/tasks" for ::1 at 2023-06-21 20:14:31 +0000
  
ActionController::RoutingError (No route matches [GET] "/tasks"):
  
Started GET "/task" for ::1 at 2023-06-21 20:14:41 +0000
  
ActionController::RoutingError (uninitialized constant TaskController

      Object.const_get(camel_cased_word)
            ^^^^^^^^^^
Did you mean?  TasksController

            raise MissingController.new(error.message, error.name)
            ^^^^^):
  
Started GET "/task" for ::1 at 2023-06-21 20:16:30 +0000
  
ActionController::RoutingError (No route matches [GET] "/task"):
  
Started GET "/task" for ::1 at 2023-06-21 20:16:31 +0000
  
ActionController::RoutingError (No route matches [GET] "/task"):
  
Started GET "/tasks" for ::1 at 2023-06-21 20:16:39 +0000
Processing by TasksController#index as HTML
  [1m[36mTask Load (3.3ms)[0m  [1m[34mSELECT "tasks".* FROM "tasks"[0m
  ↳ app/controllers/tasks_controller.rb:6:in `index'
Completed 200 OK in 14ms (Views: 4.2ms | ActiveRecord: 3.3ms | Allocations: 1970)


